<?xml version="1.0" encoding="UTF-8"?>
<!-- Generated by org.testng.reporters.JUnitXMLReporter -->
<testsuite hostname="Akshaykatoch" ignored="0" name="AppTest" tests="3" failures="1" timestamp="10 Oct 2020 17:17:04 GMT" time="21.191" errors="0">
  <testcase name="inputs" time="10.907" classname="testcases.LoginTest">
    <failure type="java.lang.IndexOutOfBoundsException" message="Index: 0, Size: 0">
      <![CDATA[java.lang.IndexOutOfBoundsException: Index: 0, Size: 0
at java.util.ArrayList.rangeCheck(ArrayList.java:657)
at java.util.ArrayList.get(ArrayList.java:433)
at io.appium.java_client.pagefactory.ElementListInterceptor.getObject(ElementListInterceptor.java:40)
at io.appium.java_client.pagefactory.interceptors.InterceptorOfAListOfElements.intercept(InterceptorOfAListOfElements.java:49)
at $java.util.ArrayList$$EnhancerByCGLIB$$b5855c01.get(<generated>)
at screens.DtLoginScreen.url(DtLoginScreen.java:30)
at testcases.LoginTest.inputs(LoginTest.java:14)
... Removed 32 stack frames]]>
    </failure>
  </testcase> <!-- inputs -->
  <testcase name="buttons" time="0.627" classname="testcases.LoginTest"/>
  <testcase name="languages" time="9.599" classname="testcases.LoginTest"/>
</testsuite> <!-- AppTest -->
